[debug] [2023-12-20T15:05:43.366Z] ----------------------------------------------------------------------
[debug] [2023-12-20T15:05:43.367Z] Command:       C:\Program Files\nodejs\node.exe C:\Users\user\AppData\Roaming\npm\node_modules\firebase-tools\lib\bin\firebase.js init hosting
[debug] [2023-12-20T15:05:43.367Z] CLI Version:   13.0.2
[debug] [2023-12-20T15:05:43.368Z] Platform:      win32
[debug] [2023-12-20T15:05:43.368Z] Node Version:  v20.9.0
[debug] [2023-12-20T15:05:43.368Z] Time:          Wed Dec 20 2023 22:05:43 GMT+0700 (Indochina Time)
[debug] [2023-12-20T15:05:43.368Z] ----------------------------------------------------------------------
[debug] 
[debug] [2023-12-20T15:05:43.371Z] > command requires scopes: ["email","openid","https://www.googleapis.com/auth/cloudplatformprojects.readonly","https://www.googleapis.com/auth/firebase","https://www.googleapis.com/auth/cloud-platform"]
[debug] [2023-12-20T15:05:43.371Z] > authorizing via signed-in user (nguyenhongthuctk@gmail.com)
[info] 
     ######## #### ########  ######## ########     ###     ######  ########
     ##        ##  ##     ## ##       ##     ##  ##   ##  ##       ##
     ######    ##  ########  ######   ########  #########  ######  ######
     ##        ##  ##    ##  ##       ##     ## ##     ##       ## ##
     ##       #### ##     ## ######## ########  ##     ##  ######  ########

You're about to initialize a Firebase project in this directory:

  D:\code\ReactJs\e_commerce

[info] 
=== Project Setup
[info] 
[info] First, let's associate this project directory with a Firebase project.
[info] You can create multiple project aliases by running firebase use --add, 
[info] but for now we'll just set up a default project.
[info] 
